<?xml version="1.0" encoding="UTF-8"?>
<testsuite name="PlacesTest" tests="3" skipped="0" failures="0" errors="0" timestamp="2016-02-16T17:36:10" hostname="epicodus-59.local" time="0.001">
  <properties/>
  <testcase name="place_instantiatesWithYearVisited_true" classname="PlacesTest" time="0.001"/>
  <testcase name="place_instantiatesWithName_true" classname="PlacesTest" time="0.0"/>
  <testcase name="Places_instantiatesCorrectly_true" classname="PlacesTest" time="0.0"/>
  <system-out><![CDATA[]]></system-out>
  <system-err><![CDATA[]]></system-err>
</testsuite>
